# JRE version: Java(TM) SE Runtime Environment (8.0_05-b13) (build 1.8.0_05-b13)
# Java VM: Java HotSpot(TM) 64-Bit Server VM (25.5-b02 mixed mode bsd-amd64 compressed oops)
Heap:
 PSYoungGen      total 20992K, used 2676K [0x000000076ab00000, 0x000000076c380000, 0x00000007c0000000)
  eden space 18432K, 2% used [0x000000076ab00000,0x000000076ab81c80,0x000000076bd00000)
  from space 2560K, 84% used [0x000000076c000000,0x000000076c21b698,0x000000076c280000)
  to   space 3072K, 0% used [0x000000076bd00000,0x000000076bd00000,0x000000076c000000)
 ParOldGen       total 260608K, used 4397K [0x00000006c0000000, 0x00000006cfe80000, 0x000000076ab00000)
  object space 260608K, 1% used [0x00000006c0000000,0x00000006c044b6a0,0x00000006cfe80000)
 Metaspace       used 17651K, capacity 17778K, committed 18176K, reserved 1064960K
  class space    used 1682K, capacity 1751K, committed 1792K, reserved 1048576K
GC Heap History (10 events):
Event: 0.425 GC heap before
{Heap before GC invocations=8 (full 0):
 PSYoungGen      total 5120K, used 4871K [0x000000076ab00000, 0x000000076b500000, 0x00000007c0000000)
  eden space 3584K, 100% used [0x000000076ab00000,0x000000076ae80000,0x000000076ae80000)
  from space 1536K, 83% used [0x000000076ae80000,0x000000076afc1e88,0x000000076b000000)
  to   space 1536K, 0% used [0x000000076b380000,0x000000076b380000,0x000000076b500000)
 ParOldGen       total 260608K, used 810K [0x00000006c0000000, 0x00000006cfe80000, 0x000000076ab00000)
  object space 260608K, 0% used [0x00000006c0000000,0x00000006c00ca878,0x00000006cfe80000)
 Metaspace       used 8759K, capacity 8890K, committed 9216K, reserved 1056768K
  class space    used 896K, capacity 950K, committed 1024K, reserved 1048576K
Event: 0.427 GC heap after
Heap after GC invocations=8 (full 0):
 PSYoungGen      total 8704K, used 1278K [0x000000076ab00000, 0x000000076b500000, 0x00000007c0000000)
  eden space 7168K, 0% used [0x000000076ab00000,0x000000076ab00000,0x000000076b200000)
  from space 1536K, 83% used [0x000000076b380000,0x000000076b4bfb10,0x000000076b500000)
  to   space 1536K, 0% used [0x000000076b200000,0x000000076b200000,0x000000076b380000)
 ParOldGen       total 260608K, used 994K [0x00000006c0000000, 0x00000006cfe80000, 0x000000076ab00000)
  object space 260608K, 0% used [0x00000006c0000000,0x00000006c00f8878,0x00000006cfe80000)
 Metaspace       used 8759K, capacity 8890K, committed 9216K, reserved 1056768K
  class space    used 896K, capacity 950K, committed 1024K, reserved 1048576K
}
Event: 0.576 GC heap before
{Heap before GC invocations=9 (full 0):
 PSYoungGen      total 8704K, used 8446K [0x000000076ab00000, 0x000000076b500000, 0x00000007c0000000)
  eden space 7168K, 100% used [0x000000076ab00000,0x000000076b200000,0x000000076b200000)
  from space 1536K, 83% used [0x000000076b380000,0x000000076b4bfb10,0x000000076b500000)
  to   space 1536K, 0% used [0x000000076b200000,0x000000076b200000,0x000000076b380000)
 ParOldGen       total 260608K, used 994K [0x00000006c0000000, 0x00000006cfe80000, 0x000000076ab00000)
  object space 260608K, 0% used [0x00000006c0000000,0x00000006c00f8878,0x00000006cfe80000)
 Metaspace       used 10493K, capacity 10650K, committed 11008K, reserved 1058816K
  class space    used 1140K, capacity 1174K, committed 1280K, reserved 1048576K
Event: 0.578 GC heap after
Heap after GC invocations=9 (full 0):
 PSYoungGen      total 8704K, used 1532K [0x000000076ab00000, 0x000000076ba80000, 0x00000007c0000000)
  eden space 7168K, 0% used [0x000000076ab00000,0x000000076ab00000,0x000000076b200000)
  from space 1536K, 99% used [0x000000076b200000,0x000000076b37f298,0x000000076b380000)
  to   space 2048K, 0% used [0x000000076b880000,0x000000076b880000,0x000000076ba80000)
 ParOldGen       total 260608K, used 1448K [0x00000006c0000000, 0x00000006cfe80000, 0x000000076ab00000)
  object space 260608K, 0% used [0x00000006c0000000,0x00000006c016a0d8,0x00000006cfe80000)
 Metaspace       used 10493K, capacity 10650K, committed 11008K, reserved 1058816K
  class space    used 1140K, capacity 1174K, committed 1280K, reserved 1048576K
}
Event: 0.794 GC heap before
{Heap before GC invocations=10 (full 0):
 PSYoungGen      total 8704K, used 8700K [0x000000076ab00000, 0x000000076ba80000, 0x00000007c0000000)
  eden space 7168K, 100% used [0x000000076ab00000,0x000000076b200000,0x000000076b200000)
  from space 1536K, 99% used [0x000000076b200000,0x000000076b37f298,0x000000076b380000)
  to   space 2048K, 0% used [0x000000076b880000,0x000000076b880000,0x000000076ba80000)
 ParOldGen       total 260608K, used 1448K [0x00000006c0000000, 0x00000006cfe80000, 0x000000076ab00000)
  object space 260608K, 0% used [0x00000006c0000000,0x00000006c016a0d8,0x00000006cfe80000)
 Metaspace       used 13262K, capacity 13344K, committed 13696K, reserved 1060864K
  class space    used 1253K, capacity 1300K, committed 1408K, reserved 1048576K
Event: 0.796 GC heap after
Heap after GC invocations=10 (full 0):
 PSYoungGen      total 13824K, used 1114K [0x000000076ab00000, 0x000000076ba80000, 0x00000007c0000000)
  eden space 11776K, 0% used [0x000000076ab00000,0x000000076ab00000,0x000000076b680000)
  from space 2048K, 54% used [0x000000076b880000,0x000000076b996970,0x000000076ba80000)
  to   space 2048K, 0% used [0x000000076b680000,0x000000076b680000,0x000000076b880000)
 ParOldGen       total 260608K, used 1864K [0x00000006c0000000, 0x00000006cfe80000, 0x000000076ab00000)
  object space 260608K, 0% used [0x00000006c0000000,0x00000006c01d20f8,0x00000006cfe80000)
 Metaspace       used 13262K, capacity 13344K, committed 13696K, reserved 1060864K
  class space    used 1253K, capacity 1300K, committed 1408K, reserved 1048576K
}
Event: 1.408 GC heap before
{Heap before GC invocations=11 (full 0):
 PSYoungGen      total 13824K, used 12890K [0x000000076ab00000, 0x000000076ba80000, 0x00000007c0000000)
  eden space 11776K, 100% used [0x000000076ab00000,0x000000076b680000,0x000000076b680000)
  from space 2048K, 54% used [0x000000076b880000,0x000000076b996970,0x000000076ba80000)
  to   space 2048K, 0% used [0x000000076b680000,0x000000076b680000,0x000000076b880000)
 ParOldGen       total 260608K, used 1864K [0x00000006c0000000, 0x00000006cfe80000, 0x000000076ab00000)
  object space 260608K, 0% used [0x00000006c0000000,0x00000006c01d20f8,0x00000006cfe80000)
 Metaspace       used 14689K, capacity 14886K, committed 15360K, reserved 1062912K
  class space    used 1378K, capacity 1429K, committed 1536K, reserved 1048576K
Event: 1.412 GC heap after
Heap after GC invocations=11 (full 0):
 PSYoungGen      total 13824K, used 2033K [0x000000076ab00000, 0x000000076c280000, 0x00000007c0000000)
  eden space 11776K, 0% used [0x000000076ab00000,0x000000076ab00000,0x000000076b680000)
  from space 2048K, 99% used [0x000000076b680000,0x000000076b87c4d8,0x000000076b880000)
  to   space 2560K, 0% used [0x000000076c000000,0x000000076c000000,0x000000076c280000)
 ParOldGen       total 260608K, used 2693K [0x00000006c0000000, 0x00000006cfe80000, 0x000000076ab00000)
  object space 260608K, 1% used [0x00000006c0000000,0x00000006c02a17d8,0x00000006cfe80000)
 Metaspace       used 14689K, capacity 14886K, committed 15360K, reserved 1062912K
  class space    used 1378K, capacity 1429K, committed 1536K, reserved 1048576K
}
Event: 1.662 GC heap before
{Heap before GC invocations=12 (full 0):
 PSYoungGen      total 13824K, used 13809K [0x000000076ab00000, 0x000000076c280000, 0x00000007c0000000)
  eden space 11776K, 100% used [0x000000076ab00000,0x000000076b680000,0x000000076b680000)
  from space 2048K, 99% used [0x000000076b680000,0x000000076b87c4d8,0x000000076b880000)
  to   space 2560K, 0% used [0x000000076c000000,0x000000076c000000,0x000000076c280000)
 ParOldGen       total 260608K, used 2693K [0x00000006c0000000, 0x00000006cfe80000, 0x000000076ab00000)
  object space 260608K, 1% used [0x00000006c0000000,0x00000006c02a17d8,0x00000006cfe80000)
 Metaspace       used 17644K, capacity 17746K, committed 18176K, reserved 1064960K
  class space    used 1682K, capacity 1719K, committed 1792K, reserved 1048576K
Event: 1.665 GC heap after
Heap after GC invocations=12 (full 0):
 PSYoungGen      total 20992K, used 2157K [0x000000076ab00000, 0x000000076c380000, 0x00000007c0000000)
  eden space 18432K, 0% used [0x000000076ab00000,0x000000076ab00000,0x000000076bd00000)
  from space 2560K, 84% used [0x000000076c000000,0x000000076c21b698,0x000000076c280000)
  to   space 3072K, 0% used [0x000000076bd00000,0x000000076bd00000,0x000000076c000000)
 ParOldGen       total 260608K, used 4397K [0x00000006c0000000, 0x00000006cfe80000, 0x000000076ab00000)
  object space 260608K, 1% used [0x00000006c0000000,0x00000006c044b6a0,0x00000006cfe80000)
 Metaspace       used 17644K, capacity 17746K, committed 18176K, reserved 1064960K
  class space    used 1682K, capacity 1719K, committed 1792K, reserved 1048576K
}

