# JRE version: Java(TM) SE Runtime Environment (8.0_05-b13) (build 1.8.0_05-b13)
# Java VM: Java HotSpot(TM) 64-Bit Server VM (25.5-b02 mixed mode bsd-amd64 compressed oops)
Heap:
 PSYoungGen      total 23040K, used 2064K [0x000000076ab00000, 0x000000076c480000, 0x00000007c0000000)
  eden space 19968K, 1% used [0x000000076ab00000,0x000000076ab57ec0,0x000000076be80000)
  from space 3072K, 55% used [0x000000076c180000,0x000000076c32c468,0x000000076c480000)
  to   space 3072K, 0% used [0x000000076be80000,0x000000076be80000,0x000000076c180000)
 ParOldGen       total 260608K, used 5024K [0x00000006c0000000, 0x00000006cfe80000, 0x000000076ab00000)
  object space 260608K, 1% used [0x00000006c0000000,0x00000006c04e81f8,0x00000006cfe80000)
 Metaspace       used 17403K, capacity 17546K, committed 17920K, reserved 1064960K
  class space    used 1632K, capacity 1689K, committed 1792K, reserved 1048576K
GC Heap History (10 events):
Event: 0.465 GC heap before
{Heap before GC invocations=8 (full 0):
 PSYoungGen      total 5120K, used 5102K [0x000000076ab00000, 0x000000076b600000, 0x00000007c0000000)
  eden space 4096K, 99% used [0x000000076ab00000,0x000000076aeffa60,0x000000076af00000)
  from space 1024K, 98% used [0x000000076af00000,0x000000076affc010,0x000000076b000000)
  to   space 1536K, 0% used [0x000000076b480000,0x000000076b480000,0x000000076b600000)
 ParOldGen       total 260608K, used 1202K [0x00000006c0000000, 0x00000006cfe80000, 0x000000076ab00000)
  object space 260608K, 0% used [0x00000006c0000000,0x00000006c012cba0,0x00000006cfe80000)
 Metaspace       used 9621K, capacity 9766K, committed 10112K, reserved 1058816K
  class space    used 990K, capacity 1046K, committed 1152K, reserved 1048576K
Event: 0.467 GC heap after
Heap after GC invocations=8 (full 0):
 PSYoungGen      total 9216K, used 1525K [0x000000076ab00000, 0x000000076b700000, 0x00000007c0000000)
  eden space 7680K, 0% used [0x000000076ab00000,0x000000076ab00000,0x000000076b280000)
  from space 1536K, 99% used [0x000000076b480000,0x000000076b5fd6e8,0x000000076b600000)
  to   space 2048K, 0% used [0x000000076b280000,0x000000076b280000,0x000000076b480000)
 ParOldGen       total 260608K, used 1440K [0x00000006c0000000, 0x00000006cfe80000, 0x000000076ab00000)
  object space 260608K, 0% used [0x00000006c0000000,0x00000006c0168150,0x00000006cfe80000)
 Metaspace       used 9621K, capacity 9766K, committed 10112K, reserved 1058816K
  class space    used 990K, capacity 1046K, committed 1152K, reserved 1048576K
}
Event: 0.593 GC heap before
{Heap before GC invocations=9 (full 0):
 PSYoungGen      total 9216K, used 9205K [0x000000076ab00000, 0x000000076b700000, 0x00000007c0000000)
  eden space 7680K, 100% used [0x000000076ab00000,0x000000076b280000,0x000000076b280000)
  from space 1536K, 99% used [0x000000076b480000,0x000000076b5fd6e8,0x000000076b600000)
  to   space 2048K, 0% used [0x000000076b280000,0x000000076b280000,0x000000076b480000)
 ParOldGen       total 260608K, used 1440K [0x00000006c0000000, 0x00000006cfe80000, 0x000000076ab00000)
  object space 260608K, 0% used [0x00000006c0000000,0x00000006c0168150,0x00000006cfe80000)
 Metaspace       used 11419K, capacity 11526K, committed 11776K, reserved 1060864K
  class space    used 1231K, capacity 1270K, committed 1280K, reserved 1048576K
Event: 0.595 GC heap after
Heap after GC invocations=9 (full 0):
 PSYoungGen      total 9728K, used 1809K [0x000000076ab00000, 0x000000076bb00000, 0x00000007c0000000)
  eden space 7680K, 0% used [0x000000076ab00000,0x000000076ab00000,0x000000076b280000)
  from space 2048K, 88% used [0x000000076b280000,0x000000076b4444a8,0x000000076b480000)
  to   space 2048K, 0% used [0x000000076b900000,0x000000076b900000,0x000000076bb00000)
 ParOldGen       total 260608K, used 1860K [0x00000006c0000000, 0x00000006cfe80000, 0x000000076ab00000)
  object space 260608K, 0% used [0x00000006c0000000,0x00000006c01d1180,0x00000006cfe80000)
 Metaspace       used 11419K, capacity 11526K, committed 11776K, reserved 1060864K
  class space    used 1231K, capacity 1270K, committed 1280K, reserved 1048576K
}
Event: 0.785 GC heap before
{Heap before GC invocations=10 (full 0):
 PSYoungGen      total 9728K, used 9325K [0x000000076ab00000, 0x000000076bb00000, 0x00000007c0000000)
  eden space 7680K, 97% used [0x000000076ab00000,0x000000076b257008,0x000000076b280000)
  from space 2048K, 88% used [0x000000076b280000,0x000000076b4444a8,0x000000076b480000)
  to   space 2048K, 0% used [0x000000076b900000,0x000000076b900000,0x000000076bb00000)
 ParOldGen       total 260608K, used 1860K [0x00000006c0000000, 0x00000006cfe80000, 0x000000076ab00000)
  object space 260608K, 0% used [0x00000006c0000000,0x00000006c01d1180,0x00000006cfe80000)
 Metaspace       used 14178K, capacity 14284K, committed 14464K, reserved 1062912K
  class space    used 1343K, capacity 1396K, committed 1408K, reserved 1048576K
Event: 0.788 GC heap after
Heap after GC invocations=10 (full 0):
 PSYoungGen      total 14336K, used 1201K [0x000000076ab00000, 0x000000076bb00000, 0x00000007c0000000)
  eden space 12288K, 0% used [0x000000076ab00000,0x000000076ab00000,0x000000076b700000)
  from space 2048K, 58% used [0x000000076b900000,0x000000076ba2c5d8,0x000000076bb00000)
  to   space 2048K, 0% used [0x000000076b700000,0x000000076b700000,0x000000076b900000)
 ParOldGen       total 260608K, used 2364K [0x00000006c0000000, 0x00000006cfe80000, 0x000000076ab00000)
  object space 260608K, 0% used [0x00000006c0000000,0x00000006c024f1a0,0x00000006cfe80000)
 Metaspace       used 14178K, capacity 14284K, committed 14464K, reserved 1062912K
  class space    used 1343K, capacity 1396K, committed 1408K, reserved 1048576K
}
Event: 1.470 GC heap before
{Heap before GC invocations=11 (full 0):
 PSYoungGen      total 14336K, used 13489K [0x000000076ab00000, 0x000000076bb00000, 0x00000007c0000000)
  eden space 12288K, 100% used [0x000000076ab00000,0x000000076b700000,0x000000076b700000)
  from space 2048K, 58% used [0x000000076b900000,0x000000076ba2c5d8,0x000000076bb00000)
  to   space 2048K, 0% used [0x000000076b700000,0x000000076b700000,0x000000076b900000)
 ParOldGen       total 260608K, used 2364K [0x00000006c0000000, 0x00000006cfe80000, 0x000000076ab00000)
  object space 260608K, 0% used [0x00000006c0000000,0x00000006c024f1a0,0x00000006cfe80000)
 Metaspace       used 15700K, capacity 15826K, committed 16128K, reserved 1064960K
  class space    used 1483K, capacity 1525K, committed 1536K, reserved 1048576K
Event: 1.473 GC heap after
Heap after GC invocations=11 (full 0):
 PSYoungGen      total 14336K, used 2023K [0x000000076ab00000, 0x000000076c480000, 0x00000007c0000000)
  eden space 12288K, 0% used [0x000000076ab00000,0x000000076ab00000,0x000000076b700000)
  from space 2048K, 98% used [0x000000076b700000,0x000000076b8f9ce8,0x000000076b900000)
  to   space 3072K, 0% used [0x000000076c180000,0x000000076c180000,0x000000076c480000)
 ParOldGen       total 260608K, used 3313K [0x00000006c0000000, 0x00000006cfe80000, 0x000000076ab00000)
  object space 260608K, 1% used [0x00000006c0000000,0x00000006c033c520,0x00000006cfe80000)
 Metaspace       used 15700K, capacity 15826K, committed 16128K, reserved 1064960K
  class space    used 1483K, capacity 1525K, committed 1536K, reserved 1048576K
}
Event: 2.977 GC heap before
{Heap before GC invocations=12 (full 0):
 PSYoungGen      total 14336K, used 14311K [0x000000076ab00000, 0x000000076c480000, 0x00000007c0000000)
  eden space 12288K, 100% used [0x000000076ab00000,0x000000076b700000,0x000000076b700000)
  from space 2048K, 98% used [0x000000076b700000,0x000000076b8f9ce8,0x000000076b900000)
  to   space 3072K, 0% used [0x000000076c180000,0x000000076c180000,0x000000076c480000)
 ParOldGen       total 260608K, used 3313K [0x00000006c0000000, 0x00000006cfe80000, 0x000000076ab00000)
  object space 260608K, 1% used [0x00000006c0000000,0x00000006c033c520,0x00000006cfe80000)
 Metaspace       used 17396K, capacity 17546K, committed 17920K, reserved 1064960K
  class space    used 1632K, capacity 1689K, committed 1792K, reserved 1048576K
Event: 2.981 GC heap after
Heap after GC invocations=12 (full 0):
 PSYoungGen      total 23040K, used 1713K [0x000000076ab00000, 0x000000076c480000, 0x00000007c0000000)
  eden space 19968K, 0% used [0x000000076ab00000,0x000000076ab00000,0x000000076be80000)
  from space 3072K, 55% used [0x000000076c180000,0x000000076c32c468,0x000000076c480000)
  to   space 3072K, 0% used [0x000000076be80000,0x000000076be80000,0x000000076c180000)
 ParOldGen       total 260608K, used 5024K [0x00000006c0000000, 0x00000006cfe80000, 0x000000076ab00000)
  object space 260608K, 1% used [0x00000006c0000000,0x00000006c04e81f8,0x00000006cfe80000)
 Metaspace       used 17396K, capacity 17546K, committed 17920K, reserved 1064960K
  class space    used 1632K, capacity 1689K, committed 1792K, reserved 1048576K
}

