# JRE version: Java(TM) SE Runtime Environment (8.0_05-b13) (build 1.8.0_05-b13)
# Java VM: Java HotSpot(TM) 64-Bit Server VM (25.5-b02 mixed mode bsd-amd64 compressed oops)
Heap:
 PSYoungGen      total 19456K, used 1443K [0x000000076ab00000, 0x000000076c000000, 0x00000007c0000000)
  eden space 17408K, 3% used [0x000000076ab00000,0x000000076ab895c0,0x000000076bc00000)
  from space 2048K, 43% used [0x000000076be00000,0x000000076bedfa08,0x000000076c000000)
  to   space 2048K, 0% used [0x000000076bc00000,0x000000076bc00000,0x000000076be00000)
 ParOldGen       total 260608K, used 5151K [0x00000006c0000000, 0x00000006cfe80000, 0x000000076ab00000)
  object space 260608K, 1% used [0x00000006c0000000,0x00000006c0507ed8,0x00000006cfe80000)
 Metaspace       used 16316K, capacity 16498K, committed 16768K, reserved 1064960K
  class space    used 1517K, capacity 1557K, committed 1664K, reserved 1048576K
GC Heap History (10 events):
Event: 2.068 GC heap before
{Heap before GC invocations=10 (full 0):
 PSYoungGen      total 5120K, used 5119K [0x000000076ab00000, 0x000000076b480000, 0x00000007c0000000)
  eden space 4096K, 100% used [0x000000076ab00000,0x000000076af00000,0x000000076af00000)
  from space 1024K, 99% used [0x000000076af00000,0x000000076afffc60,0x000000076b000000)
  to   space 1536K, 0% used [0x000000076b300000,0x000000076b300000,0x000000076b480000)
 ParOldGen       total 260608K, used 1473K [0x00000006c0000000, 0x00000006cfe80000, 0x000000076ab00000)
  object space 260608K, 0% used [0x00000006c0000000,0x00000006c01706f8,0x00000006cfe80000)
 Metaspace       used 10025K, capacity 10182K, committed 10368K, reserved 1058816K
  class space    used 1034K, capacity 1078K, committed 1152K, reserved 1048576K
Event: 2.069 GC heap after
Heap after GC invocations=10 (full 0):
 PSYoungGen      total 8192K, used 1081K [0x000000076ab00000, 0x000000076b480000, 0x00000007c0000000)
  eden space 6656K, 0% used [0x000000076ab00000,0x000000076ab00000,0x000000076b180000)
  from space 1536K, 70% used [0x000000076b300000,0x000000076b40e7b8,0x000000076b480000)
  to   space 1536K, 0% used [0x000000076b180000,0x000000076b180000,0x000000076b300000)
 ParOldGen       total 260608K, used 1981K [0x00000006c0000000, 0x00000006cfe80000, 0x000000076ab00000)
  object space 260608K, 0% used [0x00000006c0000000,0x00000006c01ef708,0x00000006cfe80000)
 Metaspace       used 10025K, capacity 10182K, committed 10368K, reserved 1058816K
  class space    used 1034K, capacity 1078K, committed 1152K, reserved 1048576K
}
Event: 2.154 GC heap before
{Heap before GC invocations=11 (full 0):
 PSYoungGen      total 8192K, used 7737K [0x000000076ab00000, 0x000000076b480000, 0x00000007c0000000)
  eden space 6656K, 100% used [0x000000076ab00000,0x000000076b180000,0x000000076b180000)
  from space 1536K, 70% used [0x000000076b300000,0x000000076b40e7b8,0x000000076b480000)
  to   space 1536K, 0% used [0x000000076b180000,0x000000076b180000,0x000000076b300000)
 ParOldGen       total 260608K, used 1981K [0x00000006c0000000, 0x00000006cfe80000, 0x000000076ab00000)
  object space 260608K, 0% used [0x00000006c0000000,0x00000006c01ef708,0x00000006cfe80000)
 Metaspace       used 11431K, capacity 11526K, committed 11776K, reserved 1060864K
  class space    used 1236K, capacity 1270K, committed 1280K, reserved 1048576K
Event: 2.155 GC heap after
Heap after GC invocations=11 (full 0):
 PSYoungGen      total 8192K, used 1164K [0x000000076ab00000, 0x000000076b880000, 0x00000007c0000000)
  eden space 6656K, 0% used [0x000000076ab00000,0x000000076ab00000,0x000000076b180000)
  from space 1536K, 75% used [0x000000076b180000,0x000000076b2a3080,0x000000076b300000)
  to   space 1536K, 0% used [0x000000076b700000,0x000000076b700000,0x000000076b880000)
 ParOldGen       total 260608K, used 2469K [0x00000006c0000000, 0x00000006cfe80000, 0x000000076ab00000)
  object space 260608K, 0% used [0x00000006c0000000,0x00000006c0269728,0x00000006cfe80000)
 Metaspace       used 11431K, capacity 11526K, committed 11776K, reserved 1060864K
  class space    used 1236K, capacity 1270K, committed 1280K, reserved 1048576K
}
Event: 2.301 GC heap before
{Heap before GC invocations=12 (full 0):
 PSYoungGen      total 8192K, used 7790K [0x000000076ab00000, 0x000000076b880000, 0x00000007c0000000)
  eden space 6656K, 99% used [0x000000076ab00000,0x000000076b178a00,0x000000076b180000)
  from space 1536K, 75% used [0x000000076b180000,0x000000076b2a3080,0x000000076b300000)
  to   space 1536K, 0% used [0x000000076b700000,0x000000076b700000,0x000000076b880000)
 ParOldGen       total 260608K, used 2469K [0x00000006c0000000, 0x00000006cfe80000, 0x000000076ab00000)
  object space 260608K, 0% used [0x00000006c0000000,0x00000006c0269728,0x00000006cfe80000)
 Metaspace       used 13975K, capacity 14060K, committed 14464K, reserved 1062912K
  class space    used 1337K, capacity 1364K, committed 1408K, reserved 1048576K
Event: 2.302 GC heap after
Heap after GC invocations=12 (full 0):
 PSYoungGen      total 12288K, used 812K [0x000000076ab00000, 0x000000076b880000, 0x00000007c0000000)
  eden space 10752K, 0% used [0x000000076ab00000,0x000000076ab00000,0x000000076b580000)
  from space 1536K, 52% used [0x000000076b700000,0x000000076b7cb1e0,0x000000076b880000)
  to   space 1536K, 0% used [0x000000076b580000,0x000000076b580000,0x000000076b700000)
 ParOldGen       total 260608K, used 2778K [0x00000006c0000000, 0x00000006cfe80000, 0x000000076ab00000)
  object space 260608K, 1% used [0x00000006c0000000,0x00000006c02b6880,0x00000006cfe80000)
 Metaspace       used 13975K, capacity 14060K, committed 14464K, reserved 1062912K
  class space    used 1337K, capacity 1364K, committed 1408K, reserved 1048576K
}
Event: 2.787 GC heap before
{Heap before GC invocations=13 (full 0):
 PSYoungGen      total 12288K, used 11564K [0x000000076ab00000, 0x000000076b880000, 0x00000007c0000000)
  eden space 10752K, 100% used [0x000000076ab00000,0x000000076b580000,0x000000076b580000)
  from space 1536K, 52% used [0x000000076b700000,0x000000076b7cb1e0,0x000000076b880000)
  to   space 1536K, 0% used [0x000000076b580000,0x000000076b580000,0x000000076b700000)
 ParOldGen       total 260608K, used 2778K [0x00000006c0000000, 0x00000006cfe80000, 0x000000076ab00000)
  object space 260608K, 1% used [0x00000006c0000000,0x00000006c02b6880,0x00000006cfe80000)
 Metaspace       used 15399K, capacity 15538K, committed 15872K, reserved 1062912K
  class space    used 1446K, capacity 1493K, committed 1536K, reserved 1048576K
Event: 2.789 GC heap after
Heap after GC invocations=13 (full 0):
 PSYoungGen      total 12288K, used 1536K [0x000000076ab00000, 0x000000076c000000, 0x00000007c0000000)
  eden space 10752K, 0% used [0x000000076ab00000,0x000000076ab00000,0x000000076b580000)
  from space 1536K, 100% used [0x000000076b580000,0x000000076b700000,0x000000076b700000)
  to   space 2048K, 0% used [0x000000076be00000,0x000000076be00000,0x000000076c000000)
 ParOldGen       total 260608K, used 3750K [0x00000006c0000000, 0x00000006cfe80000, 0x000000076ab00000)
  object space 260608K, 1% used [0x00000006c0000000,0x00000006c03a9980,0x00000006cfe80000)
 Metaspace       used 15399K, capacity 15538K, committed 15872K, reserved 1062912K
  class space    used 1446K, capacity 1493K, committed 1536K, reserved 1048576K
}
Event: 6.179 GC heap before
{Heap before GC invocations=14 (full 0):
 PSYoungGen      total 12288K, used 12288K [0x000000076ab00000, 0x000000076c000000, 0x00000007c0000000)
  eden space 10752K, 100% used [0x000000076ab00000,0x000000076b580000,0x000000076b580000)
  from space 1536K, 100% used [0x000000076b580000,0x000000076b700000,0x000000076b700000)
  to   space 2048K, 0% used [0x000000076be00000,0x000000076be00000,0x000000076c000000)
 ParOldGen       total 260608K, used 3750K [0x00000006c0000000, 0x00000006cfe80000, 0x000000076ab00000)
  object space 260608K, 1% used [0x00000006c0000000,0x00000006c03a9980,0x00000006cfe80000)
 Metaspace       used 16316K, capacity 16498K, committed 16768K, reserved 1064960K
  class space    used 1517K, capacity 1557K, committed 1664K, reserved 1048576K
Event: 6.181 GC heap after
Heap after GC invocations=14 (full 0):
 PSYoungGen      total 19456K, used 894K [0x000000076ab00000, 0x000000076c000000, 0x00000007c0000000)
  eden space 17408K, 0% used [0x000000076ab00000,0x000000076ab00000,0x000000076bc00000)
  from space 2048K, 43% used [0x000000076be00000,0x000000076bedfa08,0x000000076c000000)
  to   space 2048K, 0% used [0x000000076bc00000,0x000000076bc00000,0x000000076be00000)
 ParOldGen       total 260608K, used 5151K [0x00000006c0000000, 0x00000006cfe80000, 0x000000076ab00000)
  object space 260608K, 1% used [0x00000006c0000000,0x00000006c0507ed8,0x00000006cfe80000)
 Metaspace       used 16316K, capacity 16498K, committed 16768K, reserved 1064960K
  class space    used 1517K, capacity 1557K, committed 1664K, reserved 1048576K
}

