# JRE version: Java(TM) SE Runtime Environment (8.0_05-b13) (build 1.8.0_05-b13)
# Java VM: Java HotSpot(TM) 64-Bit Server VM (25.5-b02 mixed mode bsd-amd64 compressed oops)
Heap:
 PSYoungGen      total 21504K, used 1784K [0x000000076ab00000, 0x000000076c300000, 0x00000007c0000000)
  eden space 18432K, 2% used [0x000000076ab00000,0x000000076ab7cde8,0x000000076bd00000)
  from space 3072K, 41% used [0x000000076c000000,0x000000076c141358,0x000000076c300000)
  to   space 3072K, 0% used [0x000000076bd00000,0x000000076bd00000,0x000000076c000000)
 ParOldGen       total 260608K, used 4226K [0x00000006c0000000, 0x00000006cfe80000, 0x000000076ab00000)
  object space 260608K, 1% used [0x00000006c0000000,0x00000006c04208b8,0x00000006cfe80000)
 Metaspace       used 16444K, capacity 16498K, committed 16768K, reserved 1064960K
  class space    used 1532K, capacity 1557K, committed 1664K, reserved 1048576K
GC Heap History (10 events):
Event: 0.443 GC heap before
{Heap before GC invocations=8 (full 0):
 PSYoungGen      total 5120K, used 4664K [0x000000076ab00000, 0x000000076b500000, 0x00000007c0000000)
  eden space 3584K, 100% used [0x000000076ab00000,0x000000076ae80000,0x000000076ae80000)
  from space 1536K, 70% used [0x000000076ae80000,0x000000076af8e148,0x000000076b000000)
  to   space 1536K, 0% used [0x000000076b380000,0x000000076b380000,0x000000076b500000)
 ParOldGen       total 260608K, used 974K [0x00000006c0000000, 0x00000006cfe80000, 0x000000076ab00000)
  object space 260608K, 0% used [0x00000006c0000000,0x00000006c00f3a60,0x00000006cfe80000)
 Metaspace       used 9392K, capacity 9542K, committed 9728K, reserved 1058816K
  class space    used 965K, capacity 1014K, committed 1024K, reserved 1048576K
Event: 0.446 GC heap after
Heap after GC invocations=8 (full 0):
 PSYoungGen      total 8704K, used 1334K [0x000000076ab00000, 0x000000076b500000, 0x00000007c0000000)
  eden space 7168K, 0% used [0x000000076ab00000,0x000000076ab00000,0x000000076b200000)
  from space 1536K, 86% used [0x000000076b380000,0x000000076b4cd8b0,0x000000076b500000)
  to   space 1536K, 0% used [0x000000076b200000,0x000000076b200000,0x000000076b380000)
 ParOldGen       total 260608K, used 1102K [0x00000006c0000000, 0x00000006cfe80000, 0x000000076ab00000)
  object space 260608K, 0% used [0x00000006c0000000,0x00000006c0113a60,0x00000006cfe80000)
 Metaspace       used 9392K, capacity 9542K, committed 9728K, reserved 1058816K
  class space    used 965K, capacity 1014K, committed 1024K, reserved 1048576K
}
Event: 0.570 GC heap before
{Heap before GC invocations=9 (full 0):
 PSYoungGen      total 8704K, used 8502K [0x000000076ab00000, 0x000000076b500000, 0x00000007c0000000)
  eden space 7168K, 100% used [0x000000076ab00000,0x000000076b200000,0x000000076b200000)
  from space 1536K, 86% used [0x000000076b380000,0x000000076b4cd8b0,0x000000076b500000)
  to   space 1536K, 0% used [0x000000076b200000,0x000000076b200000,0x000000076b380000)
 ParOldGen       total 260608K, used 1102K [0x00000006c0000000, 0x00000006cfe80000, 0x000000076ab00000)
  object space 260608K, 0% used [0x00000006c0000000,0x00000006c0113a60,0x00000006cfe80000)
 Metaspace       used 11253K, capacity 11366K, committed 11520K, reserved 1058816K
  class space    used 1210K, capacity 1238K, committed 1280K, reserved 1048576K
Event: 0.572 GC heap after
Heap after GC invocations=9 (full 0):
 PSYoungGen      total 8704K, used 1525K [0x000000076ab00000, 0x000000076ba80000, 0x00000007c0000000)
  eden space 7168K, 0% used [0x000000076ab00000,0x000000076ab00000,0x000000076b200000)
  from space 1536K, 99% used [0x000000076b200000,0x000000076b37d678,0x000000076b380000)
  to   space 2048K, 0% used [0x000000076b880000,0x000000076b880000,0x000000076ba80000)
 ParOldGen       total 260608K, used 1635K [0x00000006c0000000, 0x00000006cfe80000, 0x000000076ab00000)
  object space 260608K, 0% used [0x00000006c0000000,0x00000006c0198dd0,0x00000006cfe80000)
 Metaspace       used 11253K, capacity 11366K, committed 11520K, reserved 1058816K
  class space    used 1210K, capacity 1238K, committed 1280K, reserved 1048576K
}
Event: 0.692 GC heap before
{Heap before GC invocations=10 (full 0):
 PSYoungGen      total 8704K, used 8667K [0x000000076ab00000, 0x000000076ba80000, 0x00000007c0000000)
  eden space 7168K, 99% used [0x000000076ab00000,0x000000076b1f9668,0x000000076b200000)
  from space 1536K, 99% used [0x000000076b200000,0x000000076b37d678,0x000000076b380000)
  to   space 2048K, 0% used [0x000000076b880000,0x000000076b880000,0x000000076ba80000)
 ParOldGen       total 260608K, used 1635K [0x00000006c0000000, 0x00000006cfe80000, 0x000000076ab00000)
  object space 260608K, 0% used [0x00000006c0000000,0x00000006c0198dd0,0x00000006cfe80000)
 Metaspace       used 12168K, capacity 12269K, committed 12672K, reserved 1060864K
  class space    used 1269K, capacity 1302K, committed 1408K, reserved 1048576K
Event: 0.694 GC heap after
Heap after GC invocations=10 (full 0):
 PSYoungGen      total 13312K, used 2000K [0x000000076ab00000, 0x000000076bb80000, 0x00000007c0000000)
  eden space 11264K, 0% used [0x000000076ab00000,0x000000076ab00000,0x000000076b600000)
  from space 2048K, 97% used [0x000000076b880000,0x000000076ba74220,0x000000076ba80000)
  to   space 2560K, 0% used [0x000000076b600000,0x000000076b600000,0x000000076b880000)
 ParOldGen       total 260608K, used 2131K [0x00000006c0000000, 0x00000006cfe80000, 0x000000076ab00000)
  object space 260608K, 0% used [0x00000006c0000000,0x00000006c0214df0,0x00000006cfe80000)
 Metaspace       used 12168K, capacity 12269K, committed 12672K, reserved 1060864K
  class space    used 1269K, capacity 1302K, committed 1408K, reserved 1048576K
}
Event: 1.316 GC heap before
{Heap before GC invocations=11 (full 0):
 PSYoungGen      total 13312K, used 13264K [0x000000076ab00000, 0x000000076bb80000, 0x00000007c0000000)
  eden space 11264K, 100% used [0x000000076ab00000,0x000000076b600000,0x000000076b600000)
  from space 2048K, 97% used [0x000000076b880000,0x000000076ba74220,0x000000076ba80000)
  to   space 2560K, 0% used [0x000000076b600000,0x000000076b600000,0x000000076b880000)
 ParOldGen       total 260608K, used 2131K [0x00000006c0000000, 0x00000006cfe80000, 0x000000076ab00000)
  object space 260608K, 0% used [0x00000006c0000000,0x00000006c0214df0,0x00000006cfe80000)
 Metaspace       used 15388K, capacity 15538K, committed 15872K, reserved 1062912K
  class space    used 1446K, capacity 1493K, committed 1536K, reserved 1048576K
Event: 1.319 GC heap after
Heap after GC invocations=11 (full 0):
 PSYoungGen      total 13824K, used 2534K [0x000000076ab00000, 0x000000076c300000, 0x00000007c0000000)
  eden space 11264K, 0% used [0x000000076ab00000,0x000000076ab00000,0x000000076b600000)
  from space 2560K, 99% used [0x000000076b600000,0x000000076b879b38,0x000000076b880000)
  to   space 3072K, 0% used [0x000000076c000000,0x000000076c000000,0x000000076c300000)
 ParOldGen       total 260608K, used 2537K [0x00000006c0000000, 0x00000006cfe80000, 0x000000076ab00000)
  object space 260608K, 0% used [0x00000006c0000000,0x00000006c027a4e0,0x00000006cfe80000)
 Metaspace       used 15388K, capacity 15538K, committed 15872K, reserved 1062912K
  class space    used 1446K, capacity 1493K, committed 1536K, reserved 1048576K
}
Event: 5.144 GC heap before
{Heap before GC invocations=12 (full 0):
 PSYoungGen      total 13824K, used 13798K [0x000000076ab00000, 0x000000076c300000, 0x00000007c0000000)
  eden space 11264K, 100% used [0x000000076ab00000,0x000000076b600000,0x000000076b600000)
  from space 2560K, 99% used [0x000000076b600000,0x000000076b879b38,0x000000076b880000)
  to   space 3072K, 0% used [0x000000076c000000,0x000000076c000000,0x000000076c300000)
 ParOldGen       total 260608K, used 2537K [0x00000006c0000000, 0x00000006cfe80000, 0x000000076ab00000)
  object space 260608K, 0% used [0x00000006c0000000,0x00000006c027a4e0,0x00000006cfe80000)
 Metaspace       used 16443K, capacity 16498K, committed 16768K, reserved 1064960K
  class space    used 1532K, capacity 1557K, committed 1664K, reserved 1048576K
Event: 5.147 GC heap after
Heap after GC invocations=12 (full 0):
 PSYoungGen      total 21504K, used 1284K [0x000000076ab00000, 0x000000076c300000, 0x00000007c0000000)
  eden space 18432K, 0% used [0x000000076ab00000,0x000000076ab00000,0x000000076bd00000)
  from space 3072K, 41% used [0x000000076c000000,0x000000076c141358,0x000000076c300000)
  to   space 3072K, 0% used [0x000000076bd00000,0x000000076bd00000,0x000000076c000000)
 ParOldGen       total 260608K, used 4226K [0x00000006c0000000, 0x00000006cfe80000, 0x000000076ab00000)
  object space 260608K, 1% used [0x00000006c0000000,0x00000006c04208b8,0x00000006cfe80000)
 Metaspace       used 16443K, capacity 16498K, committed 16768K, reserved 1064960K
  class space    used 1532K, capacity 1557K, committed 1664K, reserved 1048576K
}

