# JRE version: Java(TM) SE Runtime Environment (8.0_05-b13) (build 1.8.0_05-b13)
# Java VM: Java HotSpot(TM) 64-Bit Server VM (25.5-b02 mixed mode bsd-amd64 compressed oops)
Heap:
 PSYoungGen      total 22016K, used 2165K [0x000000076ab00000, 0x000000076c480000, 0x00000007c0000000)
  eden space 19456K, 2% used [0x000000076ab00000,0x000000076ab6d870,0x000000076be00000)
  from space 2560K, 67% used [0x000000076c100000,0x000000076c2afec0,0x000000076c380000)
  to   space 3072K, 0% used [0x000000076be00000,0x000000076be00000,0x000000076c100000)
 ParOldGen       total 260608K, used 4990K [0x00000006c0000000, 0x00000006cfe80000, 0x000000076ab00000)
  object space 260608K, 1% used [0x00000006c0000000,0x00000006c04dfa18,0x00000006cfe80000)
 Metaspace       used 17413K, capacity 17546K, committed 17920K, reserved 1064960K
  class space    used 1638K, capacity 1689K, committed 1792K, reserved 1048576K
GC Heap History (10 events):
Event: 2.649 GC heap before
{Heap before GC invocations=8 (full 0):
 PSYoungGen      total 5120K, used 5087K [0x000000076ab00000, 0x000000076b600000, 0x00000007c0000000)
  eden space 4096K, 99% used [0x000000076ab00000,0x000000076aefbcf0,0x000000076af00000)
  from space 1024K, 98% used [0x000000076af00000,0x000000076affc010,0x000000076b000000)
  to   space 1536K, 0% used [0x000000076b480000,0x000000076b480000,0x000000076b600000)
 ParOldGen       total 260608K, used 1201K [0x00000006c0000000, 0x00000006cfe80000, 0x000000076ab00000)
  object space 260608K, 0% used [0x00000006c0000000,0x00000006c012c5c0,0x00000006cfe80000)
 Metaspace       used 9619K, capacity 9766K, committed 10112K, reserved 1058816K
  class space    used 990K, capacity 1046K, committed 1152K, reserved 1048576K
Event: 2.651 GC heap after
Heap after GC invocations=8 (full 0):
 PSYoungGen      total 9216K, used 1513K [0x000000076ab00000, 0x000000076b700000, 0x00000007c0000000)
  eden space 7680K, 0% used [0x000000076ab00000,0x000000076ab00000,0x000000076b280000)
  from space 1536K, 98% used [0x000000076b480000,0x000000076b5fa460,0x000000076b600000)
  to   space 2048K, 0% used [0x000000076b280000,0x000000076b280000,0x000000076b480000)
 ParOldGen       total 260608K, used 1411K [0x00000006c0000000, 0x00000006cfe80000, 0x000000076ab00000)
  object space 260608K, 0% used [0x00000006c0000000,0x00000006c0160dc8,0x00000006cfe80000)
 Metaspace       used 9619K, capacity 9766K, committed 10112K, reserved 1058816K
  class space    used 990K, capacity 1046K, committed 1152K, reserved 1048576K
}
Event: 2.754 GC heap before
{Heap before GC invocations=9 (full 0):
 PSYoungGen      total 9216K, used 9193K [0x000000076ab00000, 0x000000076b700000, 0x00000007c0000000)
  eden space 7680K, 100% used [0x000000076ab00000,0x000000076b280000,0x000000076b280000)
  from space 1536K, 98% used [0x000000076b480000,0x000000076b5fa460,0x000000076b600000)
  to   space 2048K, 0% used [0x000000076b280000,0x000000076b280000,0x000000076b480000)
 ParOldGen       total 260608K, used 1411K [0x00000006c0000000, 0x00000006cfe80000, 0x000000076ab00000)
  object space 260608K, 0% used [0x00000006c0000000,0x00000006c0160dc8,0x00000006cfe80000)
 Metaspace       used 11426K, capacity 11526K, committed 11776K, reserved 1060864K
  class space    used 1235K, capacity 1270K, committed 1280K, reserved 1048576K
Event: 2.756 GC heap after
Heap after GC invocations=9 (full 0):
 PSYoungGen      total 9728K, used 1749K [0x000000076ab00000, 0x000000076bb00000, 0x00000007c0000000)
  eden space 7680K, 0% used [0x000000076ab00000,0x000000076ab00000,0x000000076b280000)
  from space 2048K, 85% used [0x000000076b280000,0x000000076b4357e0,0x000000076b480000)
  to   space 2048K, 0% used [0x000000076b900000,0x000000076b900000,0x000000076bb00000)
 ParOldGen       total 260608K, used 1871K [0x00000006c0000000, 0x00000006cfe80000, 0x000000076ab00000)
  object space 260608K, 0% used [0x00000006c0000000,0x00000006c01d3de8,0x00000006cfe80000)
 Metaspace       used 11426K, capacity 11526K, committed 11776K, reserved 1060864K
  class space    used 1235K, capacity 1270K, committed 1280K, reserved 1048576K
}
Event: 2.908 GC heap before
{Heap before GC invocations=10 (full 0):
 PSYoungGen      total 9728K, used 9241K [0x000000076ab00000, 0x000000076bb00000, 0x00000007c0000000)
  eden space 7680K, 97% used [0x000000076ab00000,0x000000076b250e70,0x000000076b280000)
  from space 2048K, 85% used [0x000000076b280000,0x000000076b4357e0,0x000000076b480000)
  to   space 2048K, 0% used [0x000000076b900000,0x000000076b900000,0x000000076bb00000)
 ParOldGen       total 260608K, used 1871K [0x00000006c0000000, 0x00000006cfe80000, 0x000000076ab00000)
  object space 260608K, 0% used [0x00000006c0000000,0x00000006c01d3de8,0x00000006cfe80000)
 Metaspace       used 14172K, capacity 14284K, committed 14464K, reserved 1062912K
  class space    used 1346K, capacity 1396K, committed 1408K, reserved 1048576K
Event: 2.909 GC heap after
Heap after GC invocations=10 (full 0):
 PSYoungGen      total 14336K, used 1310K [0x000000076ab00000, 0x000000076bb00000, 0x00000007c0000000)
  eden space 12288K, 0% used [0x000000076ab00000,0x000000076ab00000,0x000000076b700000)
  from space 2048K, 64% used [0x000000076b900000,0x000000076ba47b68,0x000000076bb00000)
  to   space 2048K, 0% used [0x000000076b700000,0x000000076b700000,0x000000076b900000)
 ParOldGen       total 260608K, used 2399K [0x00000006c0000000, 0x00000006cfe80000, 0x000000076ab00000)
  object space 260608K, 0% used [0x00000006c0000000,0x00000006c0257e08,0x00000006cfe80000)
 Metaspace       used 14172K, capacity 14284K, committed 14464K, reserved 1062912K
  class space    used 1346K, capacity 1396K, committed 1408K, reserved 1048576K
}
Event: 3.457 GC heap before
{Heap before GC invocations=11 (full 0):
 PSYoungGen      total 14336K, used 13598K [0x000000076ab00000, 0x000000076bb00000, 0x00000007c0000000)
  eden space 12288K, 100% used [0x000000076ab00000,0x000000076b700000,0x000000076b700000)
  from space 2048K, 64% used [0x000000076b900000,0x000000076ba47b68,0x000000076bb00000)
  to   space 2048K, 0% used [0x000000076b700000,0x000000076b700000,0x000000076b900000)
 ParOldGen       total 260608K, used 2399K [0x00000006c0000000, 0x00000006cfe80000, 0x000000076ab00000)
  object space 260608K, 0% used [0x00000006c0000000,0x00000006c0257e08,0x00000006cfe80000)
 Metaspace       used 15701K, capacity 15826K, committed 16128K, reserved 1064960K
  class space    used 1487K, capacity 1525K, committed 1536K, reserved 1048576K
Event: 3.460 GC heap after
Heap after GC invocations=11 (full 0):
 PSYoungGen      total 14336K, used 2042K [0x000000076ab00000, 0x000000076c380000, 0x00000007c0000000)
  eden space 12288K, 0% used [0x000000076ab00000,0x000000076ab00000,0x000000076b700000)
  from space 2048K, 99% used [0x000000076b700000,0x000000076b8fe810,0x000000076b900000)
  to   space 2560K, 0% used [0x000000076c100000,0x000000076c100000,0x000000076c380000)
 ParOldGen       total 260608K, used 3269K [0x00000006c0000000, 0x00000006cfe80000, 0x000000076ab00000)
  object space 260608K, 1% used [0x00000006c0000000,0x00000006c03316b0,0x00000006cfe80000)
 Metaspace       used 15701K, capacity 15826K, committed 16128K, reserved 1064960K
  class space    used 1487K, capacity 1525K, committed 1536K, reserved 1048576K
}
Event: 4.970 GC heap before
{Heap before GC invocations=12 (full 0):
 PSYoungGen      total 14336K, used 14330K [0x000000076ab00000, 0x000000076c380000, 0x00000007c0000000)
  eden space 12288K, 100% used [0x000000076ab00000,0x000000076b700000,0x000000076b700000)
  from space 2048K, 99% used [0x000000076b700000,0x000000076b8fe810,0x000000076b900000)
  to   space 2560K, 0% used [0x000000076c100000,0x000000076c100000,0x000000076c380000)
 ParOldGen       total 260608K, used 3269K [0x00000006c0000000, 0x00000006cfe80000, 0x000000076ab00000)
  object space 260608K, 1% used [0x00000006c0000000,0x00000006c03316b0,0x00000006cfe80000)
 Metaspace       used 17401K, capacity 17546K, committed 17920K, reserved 1064960K
  class space    used 1636K, capacity 1689K, committed 1792K, reserved 1048576K
Event: 4.974 GC heap after
Heap after GC invocations=12 (full 0):
 PSYoungGen      total 22016K, used 1727K [0x000000076ab00000, 0x000000076c480000, 0x00000007c0000000)
  eden space 19456K, 0% used [0x000000076ab00000,0x000000076ab00000,0x000000076be00000)
  from space 2560K, 67% used [0x000000076c100000,0x000000076c2afec0,0x000000076c380000)
  to   space 3072K, 0% used [0x000000076be00000,0x000000076be00000,0x000000076c100000)
 ParOldGen       total 260608K, used 4990K [0x00000006c0000000, 0x00000006cfe80000, 0x000000076ab00000)
  object space 260608K, 1% used [0x00000006c0000000,0x00000006c04dfa18,0x00000006cfe80000)
 Metaspace       used 17401K, capacity 17546K, committed 17920K, reserved 1064960K
  class space    used 1636K, capacity 1689K, committed 1792K, reserved 1048576K
}

