# JRE version: Java(TM) SE Runtime Environment (8.0_05-b13) (build 1.8.0_05-b13)
# Java VM: Java HotSpot(TM) 64-Bit Server VM (25.5-b02 mixed mode bsd-amd64 compressed oops)
Heap:
 PSYoungGen      total 24576K, used 1711K [0x000000076ab00000, 0x000000076c600000, 0x00000007c0000000)
  eden space 21504K, 1% used [0x000000076ab00000,0x000000076ab5c1b8,0x000000076c000000)
  from space 3072K, 43% used [0x000000076c300000,0x000000076c44fd28,0x000000076c600000)
  to   space 3072K, 0% used [0x000000076c000000,0x000000076c000000,0x000000076c300000)
 ParOldGen       total 260608K, used 5714K [0x00000006c0000000, 0x00000006cfe80000, 0x000000076ab00000)
  object space 260608K, 2% used [0x00000006c0000000,0x00000006c0594b48,0x00000006cfe80000)
 Metaspace       used 17926K, capacity 18062K, committed 18432K, reserved 1067008K
  class space    used 1693K, capacity 1753K, committed 1792K, reserved 1048576K
GC Heap History (10 events):
Event: 0.461 GC heap before
{Heap before GC invocations=8 (full 0):
 PSYoungGen      total 5120K, used 5106K [0x000000076ab00000, 0x000000076b600000, 0x00000007c0000000)
  eden space 4096K, 100% used [0x000000076ab00000,0x000000076af00000,0x000000076af00000)
  from space 1024K, 98% used [0x000000076af00000,0x000000076affca30,0x000000076b000000)
  to   space 1536K, 0% used [0x000000076b480000,0x000000076b480000,0x000000076b600000)
 ParOldGen       total 260608K, used 1046K [0x00000006c0000000, 0x00000006cfe80000, 0x000000076ab00000)
  object space 260608K, 0% used [0x00000006c0000000,0x00000006c0105990,0x00000006cfe80000)
 Metaspace       used 9156K, capacity 9252K, committed 9472K, reserved 1058816K
  class space    used 953K, capacity 981K, committed 1024K, reserved 1048576K
Event: 0.463 GC heap after
Heap after GC invocations=8 (full 0):
 PSYoungGen      total 9728K, used 1382K [0x000000076ab00000, 0x000000076b600000, 0x00000007c0000000)
  eden space 8192K, 0% used [0x000000076ab00000,0x000000076ab00000,0x000000076b300000)
  from space 1536K, 89% used [0x000000076b480000,0x000000076b5d98f8,0x000000076b600000)
  to   space 1536K, 0% used [0x000000076b300000,0x000000076b300000,0x000000076b480000)
 ParOldGen       total 260608K, used 1222K [0x00000006c0000000, 0x00000006cfe80000, 0x000000076ab00000)
  object space 260608K, 0% used [0x00000006c0000000,0x00000006c0131990,0x00000006cfe80000)
 Metaspace       used 9156K, capacity 9252K, committed 9472K, reserved 1058816K
  class space    used 953K, capacity 981K, committed 1024K, reserved 1048576K
}
Event: 0.669 GC heap before
{Heap before GC invocations=9 (full 0):
 PSYoungGen      total 9728K, used 9574K [0x000000076ab00000, 0x000000076b600000, 0x00000007c0000000)
  eden space 8192K, 100% used [0x000000076ab00000,0x000000076b300000,0x000000076b300000)
  from space 1536K, 89% used [0x000000076b480000,0x000000076b5d98f8,0x000000076b600000)
  to   space 1536K, 0% used [0x000000076b300000,0x000000076b300000,0x000000076b480000)
 ParOldGen       total 260608K, used 1222K [0x00000006c0000000, 0x00000006cfe80000, 0x000000076ab00000)
  object space 260608K, 0% used [0x00000006c0000000,0x00000006c0131990,0x00000006cfe80000)
 Metaspace       used 10859K, capacity 11044K, committed 11264K, reserved 1058816K
  class space    used 1164K, capacity 1237K, committed 1280K, reserved 1048576K
Event: 0.673 GC heap after
Heap after GC invocations=9 (full 0):
 PSYoungGen      total 9728K, used 1518K [0x000000076ab00000, 0x000000076bc00000, 0x00000007c0000000)
  eden space 8192K, 0% used [0x000000076ab00000,0x000000076ab00000,0x000000076b300000)
  from space 1536K, 98% used [0x000000076b300000,0x000000076b47bbe8,0x000000076b480000)
  to   space 2048K, 0% used [0x000000076ba00000,0x000000076ba00000,0x000000076bc00000)
 ParOldGen       total 260608K, used 1928K [0x00000006c0000000, 0x00000006cfe80000, 0x000000076ab00000)
  object space 260608K, 0% used [0x00000006c0000000,0x00000006c01e23f8,0x00000006cfe80000)
 Metaspace       used 10859K, capacity 11044K, committed 11264K, reserved 1058816K
  class space    used 1164K, capacity 1237K, committed 1280K, reserved 1048576K
}
Event: 0.850 GC heap before
{Heap before GC invocations=10 (full 0):
 PSYoungGen      total 9728K, used 9710K [0x000000076ab00000, 0x000000076bc00000, 0x00000007c0000000)
  eden space 8192K, 100% used [0x000000076ab00000,0x000000076b300000,0x000000076b300000)
  from space 1536K, 98% used [0x000000076b300000,0x000000076b47bbe8,0x000000076b480000)
  to   space 2048K, 0% used [0x000000076ba00000,0x000000076ba00000,0x000000076bc00000)
 ParOldGen       total 260608K, used 1928K [0x00000006c0000000, 0x00000006cfe80000, 0x000000076ab00000)
  object space 260608K, 0% used [0x00000006c0000000,0x00000006c01e23f8,0x00000006cfe80000)
 Metaspace       used 13972K, capacity 14122K, committed 14464K, reserved 1062912K
  class space    used 1304K, capacity 1363K, committed 1408K, reserved 1048576K
Event: 0.853 GC heap after
Heap after GC invocations=10 (full 0):
 PSYoungGen      total 15360K, used 840K [0x000000076ab00000, 0x000000076bc00000, 0x00000007c0000000)
  eden space 13312K, 0% used [0x000000076ab00000,0x000000076ab00000,0x000000076b800000)
  from space 2048K, 41% used [0x000000076ba00000,0x000000076bad2050,0x000000076bc00000)
  to   space 2048K, 0% used [0x000000076b800000,0x000000076b800000,0x000000076ba00000)
 ParOldGen       total 260608K, used 2457K [0x00000006c0000000, 0x00000006cfe80000, 0x000000076ab00000)
  object space 260608K, 0% used [0x00000006c0000000,0x00000006c0266418,0x00000006cfe80000)
 Metaspace       used 13972K, capacity 14122K, committed 14464K, reserved 1062912K
  class space    used 1304K, capacity 1363K, committed 1408K, reserved 1048576K
}
Event: 1.558 GC heap before
{Heap before GC invocations=11 (full 0):
 PSYoungGen      total 15360K, used 14152K [0x000000076ab00000, 0x000000076bc00000, 0x00000007c0000000)
  eden space 13312K, 100% used [0x000000076ab00000,0x000000076b800000,0x000000076b800000)
  from space 2048K, 41% used [0x000000076ba00000,0x000000076bad2050,0x000000076bc00000)
  to   space 2048K, 0% used [0x000000076b800000,0x000000076b800000,0x000000076ba00000)
 ParOldGen       total 260608K, used 2457K [0x00000006c0000000, 0x00000006cfe80000, 0x000000076ab00000)
  object space 260608K, 0% used [0x00000006c0000000,0x00000006c0266418,0x00000006cfe80000)
 Metaspace       used 15637K, capacity 15734K, committed 16000K, reserved 1062912K
  class space    used 1497K, capacity 1557K, committed 1664K, reserved 1048576K
Event: 1.560 GC heap after
Heap after GC invocations=11 (full 0):
 PSYoungGen      total 15360K, used 2035K [0x000000076ab00000, 0x000000076c600000, 0x00000007c0000000)
  eden space 13312K, 0% used [0x000000076ab00000,0x000000076ab00000,0x000000076b800000)
  from space 2048K, 99% used [0x000000076b800000,0x000000076b9fcd68,0x000000076ba00000)
  to   space 3072K, 0% used [0x000000076c300000,0x000000076c300000,0x000000076c600000)
 ParOldGen       total 260608K, used 3683K [0x00000006c0000000, 0x00000006cfe80000, 0x000000076ab00000)
  object space 260608K, 1% used [0x00000006c0000000,0x00000006c0398cb0,0x00000006cfe80000)
 Metaspace       used 15637K, capacity 15734K, committed 16000K, reserved 1062912K
  class space    used 1497K, capacity 1557K, committed 1664K, reserved 1048576K
}
Event: 5.311 GC heap before
{Heap before GC invocations=12 (full 0):
 PSYoungGen      total 15360K, used 15347K [0x000000076ab00000, 0x000000076c600000, 0x00000007c0000000)
  eden space 13312K, 100% used [0x000000076ab00000,0x000000076b800000,0x000000076b800000)
  from space 2048K, 99% used [0x000000076b800000,0x000000076b9fcd68,0x000000076ba00000)
  to   space 3072K, 0% used [0x000000076c300000,0x000000076c300000,0x000000076c600000)
 ParOldGen       total 260608K, used 3683K [0x00000006c0000000, 0x00000006cfe80000, 0x000000076ab00000)
  object space 260608K, 1% used [0x00000006c0000000,0x00000006c0398cb0,0x00000006cfe80000)
 Metaspace       used 17904K, capacity 18062K, committed 18432K, reserved 1067008K
  class space    used 1690K, capacity 1753K, committed 1792K, reserved 1048576K
Event: 5.314 GC heap after
Heap after GC invocations=12 (full 0):
 PSYoungGen      total 24576K, used 1343K [0x000000076ab00000, 0x000000076c600000, 0x00000007c0000000)
  eden space 21504K, 0% used [0x000000076ab00000,0x000000076ab00000,0x000000076c000000)
  from space 3072K, 43% used [0x000000076c300000,0x000000076c44fd28,0x000000076c600000)
  to   space 3072K, 0% used [0x000000076c000000,0x000000076c000000,0x000000076c300000)
 ParOldGen       total 260608K, used 5714K [0x00000006c0000000, 0x00000006cfe80000, 0x000000076ab00000)
  object space 260608K, 2% used [0x00000006c0000000,0x00000006c0594b48,0x00000006cfe80000)
 Metaspace       used 17904K, capacity 18062K, committed 18432K, reserved 1067008K
  class space    used 1690K, capacity 1753K, committed 1792K, reserved 1048576K
}

