# JRE version: Java(TM) SE Runtime Environment (8.0_05-b13) (build 1.8.0_05-b13)
# Java VM: Java HotSpot(TM) 64-Bit Server VM (25.5-b02 mixed mode bsd-amd64 compressed oops)
Heap:
 PSYoungGen      total 22016K, used 2116K [0x000000076ab00000, 0x000000076c480000, 0x00000007c0000000)
  eden space 19456K, 2% used [0x000000076ab00000,0x000000076ab639e8,0x000000076be00000)
  from space 2560K, 67% used [0x000000076c100000,0x000000076c2ad7f0,0x000000076c380000)
  to   space 3072K, 0% used [0x000000076be00000,0x000000076be00000,0x000000076c100000)
 ParOldGen       total 260608K, used 5139K [0x00000006c0000000, 0x00000006cfe80000, 0x000000076ab00000)
  object space 260608K, 1% used [0x00000006c0000000,0x00000006c0504e80,0x00000006cfe80000)
 Metaspace       used 17413K, capacity 17546K, committed 17920K, reserved 1064960K
  class space    used 1632K, capacity 1689K, committed 1792K, reserved 1048576K
GC Heap History (10 events):
Event: 0.485 GC heap before
{Heap before GC invocations=8 (full 0):
 PSYoungGen      total 5120K, used 5076K [0x000000076ab00000, 0x000000076b600000, 0x00000007c0000000)
  eden space 4096K, 99% used [0x000000076ab00000,0x000000076aefd288,0x000000076af00000)
  from space 1024K, 96% used [0x000000076af00000,0x000000076aff8020,0x000000076b000000)
  to   space 1536K, 0% used [0x000000076b480000,0x000000076b480000,0x000000076b600000)
 ParOldGen       total 260608K, used 1310K [0x00000006c0000000, 0x00000006cfe80000, 0x000000076ab00000)
  object space 260608K, 0% used [0x00000006c0000000,0x00000006c0147958,0x00000006cfe80000)
 Metaspace       used 9612K, capacity 9766K, committed 10112K, reserved 1058816K
  class space    used 990K, capacity 1046K, committed 1152K, reserved 1048576K
Event: 0.487 GC heap after
Heap after GC invocations=8 (full 0):
 PSYoungGen      total 9216K, used 1507K [0x000000076ab00000, 0x000000076b700000, 0x00000007c0000000)
  eden space 7680K, 0% used [0x000000076ab00000,0x000000076ab00000,0x000000076b280000)
  from space 1536K, 98% used [0x000000076b480000,0x000000076b5f8c88,0x000000076b600000)
  to   space 2048K, 0% used [0x000000076b280000,0x000000076b280000,0x000000076b480000)
 ParOldGen       total 260608K, used 1478K [0x00000006c0000000, 0x00000006cfe80000, 0x000000076ab00000)
  object space 260608K, 0% used [0x00000006c0000000,0x00000006c0171958,0x00000006cfe80000)
 Metaspace       used 9612K, capacity 9766K, committed 10112K, reserved 1058816K
  class space    used 990K, capacity 1046K, committed 1152K, reserved 1048576K
}
Event: 0.633 GC heap before
{Heap before GC invocations=9 (full 0):
 PSYoungGen      total 9216K, used 9187K [0x000000076ab00000, 0x000000076b700000, 0x00000007c0000000)
  eden space 7680K, 100% used [0x000000076ab00000,0x000000076b280000,0x000000076b280000)
  from space 1536K, 98% used [0x000000076b480000,0x000000076b5f8c88,0x000000076b600000)
  to   space 2048K, 0% used [0x000000076b280000,0x000000076b280000,0x000000076b480000)
 ParOldGen       total 260608K, used 1478K [0x00000006c0000000, 0x00000006cfe80000, 0x000000076ab00000)
  object space 260608K, 0% used [0x00000006c0000000,0x00000006c0171958,0x00000006cfe80000)
 Metaspace       used 11413K, capacity 11526K, committed 11776K, reserved 1060864K
  class space    used 1233K, capacity 1270K, committed 1280K, reserved 1048576K
Event: 0.635 GC heap after
Heap after GC invocations=9 (full 0):
 PSYoungGen      total 9728K, used 1735K [0x000000076ab00000, 0x000000076bb00000, 0x00000007c0000000)
  eden space 7680K, 0% used [0x000000076ab00000,0x000000076ab00000,0x000000076b280000)
  from space 2048K, 84% used [0x000000076b280000,0x000000076b431f30,0x000000076b480000)
  to   space 2048K, 0% used [0x000000076b900000,0x000000076b900000,0x000000076bb00000)
 ParOldGen       total 260608K, used 1906K [0x00000006c0000000, 0x00000006cfe80000, 0x000000076ab00000)
  object space 260608K, 0% used [0x00000006c0000000,0x00000006c01dc988,0x00000006cfe80000)
 Metaspace       used 11413K, capacity 11526K, committed 11776K, reserved 1060864K
  class space    used 1233K, capacity 1270K, committed 1280K, reserved 1048576K
}
Event: 0.864 GC heap before
{Heap before GC invocations=10 (full 0):
 PSYoungGen      total 9728K, used 9411K [0x000000076ab00000, 0x000000076bb00000, 0x00000007c0000000)
  eden space 7680K, 99% used [0x000000076ab00000,0x000000076b27ee68,0x000000076b280000)
  from space 2048K, 84% used [0x000000076b280000,0x000000076b431f30,0x000000076b480000)
  to   space 2048K, 0% used [0x000000076b900000,0x000000076b900000,0x000000076bb00000)
 ParOldGen       total 260608K, used 1906K [0x00000006c0000000, 0x00000006cfe80000, 0x000000076ab00000)
  object space 260608K, 0% used [0x00000006c0000000,0x00000006c01dc988,0x00000006cfe80000)
 Metaspace       used 14228K, capacity 14348K, committed 14720K, reserved 1062912K
  class space    used 1343K, capacity 1396K, committed 1408K, reserved 1048576K
Event: 0.866 GC heap after
Heap after GC invocations=10 (full 0):
 PSYoungGen      total 14336K, used 1216K [0x000000076ab00000, 0x000000076bb00000, 0x00000007c0000000)
  eden space 12288K, 0% used [0x000000076ab00000,0x000000076ab00000,0x000000076b700000)
  from space 2048K, 59% used [0x000000076b900000,0x000000076ba30370,0x000000076bb00000)
  to   space 2048K, 0% used [0x000000076b700000,0x000000076b700000,0x000000076b900000)
 ParOldGen       total 260608K, used 2450K [0x00000006c0000000, 0x00000006cfe80000, 0x000000076ab00000)
  object space 260608K, 0% used [0x00000006c0000000,0x00000006c02649a8,0x00000006cfe80000)
 Metaspace       used 14228K, capacity 14348K, committed 14720K, reserved 1062912K
  class space    used 1343K, capacity 1396K, committed 1408K, reserved 1048576K
}
Event: 1.703 GC heap before
{Heap before GC invocations=11 (full 0):
 PSYoungGen      total 14336K, used 13504K [0x000000076ab00000, 0x000000076bb00000, 0x00000007c0000000)
  eden space 12288K, 100% used [0x000000076ab00000,0x000000076b700000,0x000000076b700000)
  from space 2048K, 59% used [0x000000076b900000,0x000000076ba30370,0x000000076bb00000)
  to   space 2048K, 0% used [0x000000076b700000,0x000000076b700000,0x000000076b900000)
 ParOldGen       total 260608K, used 2450K [0x00000006c0000000, 0x00000006cfe80000, 0x000000076ab00000)
  object space 260608K, 0% used [0x00000006c0000000,0x00000006c02649a8,0x00000006cfe80000)
 Metaspace       used 15733K, capacity 15826K, committed 16128K, reserved 1064960K
  class space    used 1487K, capacity 1525K, committed 1536K, reserved 1048576K
Event: 1.705 GC heap after
Heap after GC invocations=11 (full 0):
 PSYoungGen      total 14336K, used 2034K [0x000000076ab00000, 0x000000076c380000, 0x00000007c0000000)
  eden space 12288K, 0% used [0x000000076ab00000,0x000000076ab00000,0x000000076b700000)
  from space 2048K, 99% used [0x000000076b700000,0x000000076b8fcb58,0x000000076b900000)
  to   space 2560K, 0% used [0x000000076c100000,0x000000076c100000,0x000000076c380000)
 ParOldGen       total 260608K, used 3385K [0x00000006c0000000, 0x00000006cfe80000, 0x000000076ab00000)
  object space 260608K, 1% used [0x00000006c0000000,0x00000006c034e6b8,0x00000006cfe80000)
 Metaspace       used 15733K, capacity 15826K, committed 16128K, reserved 1064960K
  class space    used 1487K, capacity 1525K, committed 1536K, reserved 1048576K
}
Event: 3.459 GC heap before
{Heap before GC invocations=12 (full 0):
 PSYoungGen      total 14336K, used 14322K [0x000000076ab00000, 0x000000076c380000, 0x00000007c0000000)
  eden space 12288K, 100% used [0x000000076ab00000,0x000000076b700000,0x000000076b700000)
  from space 2048K, 99% used [0x000000076b700000,0x000000076b8fcb58,0x000000076b900000)
  to   space 2560K, 0% used [0x000000076c100000,0x000000076c100000,0x000000076c380000)
 ParOldGen       total 260608K, used 3385K [0x00000006c0000000, 0x00000006cfe80000, 0x000000076ab00000)
  object space 260608K, 1% used [0x00000006c0000000,0x00000006c034e6b8,0x00000006cfe80000)
 Metaspace       used 17407K, capacity 17546K, committed 17920K, reserved 1064960K
  class space    used 1632K, capacity 1689K, committed 1792K, reserved 1048576K
Event: 3.462 GC heap after
Heap after GC invocations=12 (full 0):
 PSYoungGen      total 22016K, used 1717K [0x000000076ab00000, 0x000000076c480000, 0x00000007c0000000)
  eden space 19456K, 0% used [0x000000076ab00000,0x000000076ab00000,0x000000076be00000)
  from space 2560K, 67% used [0x000000076c100000,0x000000076c2ad7f0,0x000000076c380000)
  to   space 3072K, 0% used [0x000000076be00000,0x000000076be00000,0x000000076c100000)
 ParOldGen       total 260608K, used 5139K [0x00000006c0000000, 0x00000006cfe80000, 0x000000076ab00000)
  object space 260608K, 1% used [0x00000006c0000000,0x00000006c0504e80,0x00000006cfe80000)
 Metaspace       used 17407K, capacity 17546K, committed 17920K, reserved 1064960K
  class space    used 1632K, capacity 1689K, committed 1792K, reserved 1048576K
}

